<?xml version="1.0" encoding="UTF-8"?>
<!-- Generated by org.testng.reporters.JUnitReportReporter -->
<testsuite skipped="2" hostname="Extrn_bmartinez" name="tests.loginTest$NoInjectionTest" tests="2" failures="0" timestamp="14 dic 2020 15:08:46 GMT" time="0.000" errors="0">
  <testcase name="withInjection" time="0.000" classname="tests.loginTest$NoInjectionTest">
    <skipped/>
  </testcase> <!-- withInjection -->
  <testcase name="withoutInjection" time="0.000" classname="tests.loginTest$NoInjectionTest">
    <skipped/>
  </testcase> <!-- withoutInjection -->
</testsuite> <!-- tests.loginTest$NoInjectionTest -->
