<?xml version="1.0" encoding="UTF-8"?>
<!-- Generated by org.testng.reporters.JUnitReportReporter -->
<testsuite skipped="0" hostname="Extrn_bmartinez" name="tests.loginTest" tests="5" failures="0" timestamp="06 may 2021 01:58:25 GMT" time="134.136" errors="0">
  <testcase name="ordencompleta" time="27.391" classname="tests.loginTest"/>
  <testcase name="historiaordenes" time="27.079" classname="tests.loginTest"/>
  <testcase name="cerrarsesion" time="9.273" classname="tests.loginTest"/>
  <testcase name="agregarblusa" time="33.509" classname="tests.loginTest"/>
  <testcase name="crearcuenta" time="36.884" classname="tests.loginTest"/>
</testsuite> <!-- tests.loginTest -->
